d:\jokerpoker\jokerpokeregt\jokerpokeregt\debug\vc141.pdb
d:\jokerpoker\jokerpokeregt\jokerpokeregt\debug\vc141.idb
d:\jokerpoker\jokerpokeregt\jokerpokeregt\debug\vc140.pdb
d:\jokerpoker\jokerpokeregt\jokerpokeregt\debug\vc140.idb
d:\jokerpoker\jokerpokeregt\jokerpokeregt\debug\buttonobject.obj
d:\jokerpoker\jokerpokeregt\jokerpokeregt\debug\gameobject.obj
d:\jokerpoker\jokerpokeregt\jokerpokeregt\debug\paytableobject.obj
d:\jokerpoker\jokerpokeregt\jokerpokeregt\debug\texture.obj
d:\jokerpoker\jokerpokeregt\jokerpokeregt\debug\game.obj
d:\jokerpoker\jokerpokeregt\jokerpokeregt\debug\gamestate.obj
d:\jokerpoker\jokerpokeregt\jokerpokeregt\debug\intro.obj
d:\jokerpoker\jokerpokeregt\debug\jokerpokeregt.ilk
d:\jokerpoker\jokerpokeregt\debug\jokerpokeregt.exe
d:\jokerpoker\jokerpokeregt\debug\jokerpokeregt.pdb
d:\jokerpoker\jokerpokeregt\jokerpokeregt\debug\jokerpokeregt.tlog\cl.command.1.tlog
d:\jokerpoker\jokerpokeregt\jokerpokeregt\debug\jokerpokeregt.tlog\cl.read.1.tlog
d:\jokerpoker\jokerpokeregt\jokerpokeregt\debug\jokerpokeregt.tlog\cl.write.1.tlog
d:\jokerpoker\jokerpokeregt\jokerpokeregt\debug\jokerpokeregt.tlog\link.command.1.tlog
d:\jokerpoker\jokerpokeregt\jokerpokeregt\debug\jokerpokeregt.tlog\link.read.1.tlog
d:\jokerpoker\jokerpokeregt\jokerpokeregt\debug\jokerpokeregt.tlog\link.write.1.tlog
